<?xml version="1.0" encoding="UTF-8"?>
<testsuite xmlns:xsi="http://www.w3.org/2001/XMLSchema-instance" xsi:noNamespaceSchemaLocation="https://maven.apache.org/surefire/maven-surefire-plugin/xsd/surefire-test-report.xsd" version="3.0.2" name="com.compareproduct.meli.e2e.ProductComparisonApiE2ETest" time="27.602" tests="12" errors="0" skipped="0" failures="0">
  <properties>
[...]
</properties>
  <testcase name="shouldCreateProductSuccessfully" classname="com.compareproduct.meli.e2e.ProductComparisonApiE2ETest" time="3.613">
    <system-out><![CDATA[22:02:21.136 [main] INFO org.springframework.test.context.support.AnnotationConfigContextLoaderUtils -- Could not detect default configuration classes for test class [com.compareproduct.meli.e2e.ProductComparisonApiE2ETest]: ProductComparisonApiE2ETest does not declare any static, non-private, non-final, nested classes annotated with @Configuration.
22:02:21.432 [main] INFO org.springframework.boot.test.context.SpringBootTestContextBootstrapper -- Found @SpringBootConfiguration com.compareproduct.meli.Application for test class com.compareproduct.meli.e2e.ProductComparisonApiE2ETest

  .   ____          _            __ _ _
 /\\ / ___'_ __ _ _(_)_ __  __ _ \ \ \ \
( ( )\___ | '_ | '_| | '_ \/ _` | \ \ \ \
 \\/  ___)| |_)| | | | | || (_| |  ) ) ) )
  '  |____| .__|_| |_|_| |_\__, | / / / /
 =========|_|==============|___/=/_/_/_/

 :: Spring Boot ::                (v3.4.3)

2026-05-23 22:02:22.516 [main] INFO  [,] c.c.m.e.ProductComparisonApiE2ETest - Starting ProductComparisonApiE2ETest using Java 21.0.11 with PID 10924 (started by MP-Silva in C:\Users\MP-Silva\OneDrive\Documentos\Projetos\product-comparison-api)
2026-05-23 22:02:22.521 [main] DEBUG [,] c.c.m.e.ProductComparisonApiE2ETest - Running with Spring Boot v3.4.3, Spring v6.2.3
2026-05-23 22:02:22.524 [main] INFO  [,] c.c.m.e.ProductComparisonApiE2ETest - The following 1 profile is active: "test"
2026-05-23 22:02:25.904 [main] INFO  [,] o.s.d.r.c.RepositoryConfigurationDelegate - Bootstrapping Spring Data JPA repositories in DEFAULT mode.
2026-05-23 22:02:26.256 [main] INFO  [,] o.s.d.r.c.RepositoryConfigurationDelegate - Finished Spring Data repository scanning in 330 ms. Found 1 JPA repository interface.
2026-05-23 22:02:28.687 [main] INFO  [,] o.s.b.w.e.tomcat.TomcatWebServer - Tomcat initialized with port 0 (http)
2026-05-23 22:02:28.715 [main] INFO  [,] o.a.catalina.core.StandardService - Starting service [Tomcat]
2026-05-23 22:02:28.717 [main] INFO  [,] o.a.catalina.core.StandardEngine - Starting Servlet engine: [Apache Tomcat/10.1.36]
2026-05-23 22:02:28.887 [main] INFO  [,] o.a.c.c.C.[Tomcat].[localhost].[/] - Initializing Spring embedded WebApplicationContext
2026-05-23 22:02:28.888 [main] INFO  [,] o.s.b.w.s.c.ServletWebServerApplicationContext - Root WebApplicationContext: initialization completed in 5802 ms
2026-05-23 22:02:29.896 [main] DEBUG [,] o.s.w.f.ServerHttpObservationFilter - Filter 'webMvcObservationFilter' configured for use
2026-05-23 22:02:30.255 [main] INFO  [,] o.h.jpa.internal.util.LogHelper - HHH000204: Processing PersistenceUnitInfo [name: default]
2026-05-23 22:02:30.392 [main] INFO  [,] org.hibernate.Version - HHH000412: Hibernate ORM core version 6.6.8.Final
2026-05-23 22:02:30.479 [main] INFO  [,] o.h.c.i.RegionFactoryInitiator - HHH000026: Second-level cache disabled
2026-05-23 22:02:31.167 [main] INFO  [,] o.s.o.j.p.SpringPersistenceUnitInfo - No LoadTimeWeaver setup: ignoring JPA class transformer
2026-05-23 22:02:31.234 [main] INFO  [,] com.zaxxer.hikari.HikariDataSource - ProductComparisonHikariCP - Starting...
2026-05-23 22:02:31.579 [main] INFO  [,] com.zaxxer.hikari.pool.HikariPool - ProductComparisonHikariCP - Added connection conn0: url=jdbc:h2:mem:testdb user=SA
2026-05-23 22:02:31.582 [main] INFO  [,] com.zaxxer.hikari.HikariDataSource - ProductComparisonHikariCP - Start completed.
2026-05-23 22:02:31.624 [main] WARN  [,] org.hibernate.orm.deprecation - HHH90000025: H2Dialect does not need to be specified explicitly using 'hibernate.dialect' (remove the property setting and it will be selected by default)
2026-05-23 22:02:31.684 [main] INFO  [,] o.hibernate.orm.connections.pooling - HHH10001005: Database info:
	Database JDBC URL [Connecting through datasource 'HikariDataSource (ProductComparisonHikariCP)']
	Database driver: undefined/unknown
	Database version: 2.3.232
	Autocommit mode: undefined/unknown
	Isolation level: undefined/unknown
	Minimum pool size: undefined/unknown
	Maximum pool size: undefined/unknown
2026-05-23 22:02:33.192 [main] INFO  [,] o.h.e.t.j.p.i.JtaPlatformInitiator - HHH000489: No JTA platform available (set 'hibernate.transaction.jta.platform' to enable JTA platform integration)
2026-05-23 22:02:33.220 [main] DEBUG [,] org.hibernate.SQL - &amp#27;[34mdrop&amp#27;[0m &amp#27;[34mtable&amp#27;[0m &amp#27;[34mif&amp#27;[0m &amp#27;[34mexists&amp#27;[0m product &amp#27;[34mcascade&amp#27;[0m 
2026-05-23 22:02:33.231 [main] DEBUG [,] org.hibernate.SQL - &amp#27;[34mcreate&amp#27;[0m &amp#27;[34mtable&amp#27;[0m product (price &amp#27;[34mfloat&amp#27;[0m(53), id &amp#27;[34mbigint&amp#27;[0m generated &amp#27;[34mby&amp#27;[0m &amp#27;[34mdefault&amp#27;[0m &amp#27;[34mas&amp#27;[0m &amp#27;[34midentity&amp#27;[0m, description &amp#27;[34mvarchar&amp#27;[0m(255), name &amp#27;[34mvarchar&amp#27;[0m(255), specification &amp#27;[34mvarchar&amp#27;[0m(255), url &amp#27;[34mvarchar&amp#27;[0m(255), rating enum (&amp#27;[36m'FIVE_STARS'&amp#27;[0m,&amp#27;[36m'FOUR_STARS'&amp#27;[0m,&amp#27;[36m'ONE_STAR'&amp#27;[0m,&amp#27;[36m'THREE_STARS'&amp#27;[0m,&amp#27;[36m'TWO_STARS'&amp#27;[0m), &amp#27;[34mprimary&amp#27;[0m &amp#27;[34mkey&amp#27;[0m (id))
2026-05-23 22:02:33.253 [main] INFO  [,] o.s.o.j.LocalContainerEntityManagerFactoryBean - Initialized JPA EntityManagerFactory for persistence unit 'default'
2026-05-23 22:02:35.879 [main] WARN  [,] o.s.b.a.o.j.JpaBaseConfiguration$JpaWebConfiguration - spring.jpa.open-in-view is enabled by default. Therefore, database queries may be performed during view rendering. Explicitly configure spring.jpa.open-in-view to disable this warning
2026-05-23 22:02:36.234 [main] DEBUG [,] o.s.w.s.m.m.a.RequestMappingHandlerMapping - 12 mappings in 'requestMappingHandlerMapping'
2026-05-23 22:02:36.295 [main] DEBUG [,] o.s.w.s.h.SimpleUrlHandlerMapping - Patterns [/, /docs, /api] in 'viewControllerHandlerMapping'
2026-05-23 22:02:36.543 [main] DEBUG [,] o.s.w.s.h.SimpleUrlHandlerMapping - Patterns [/webjars/**, /**, /swagger-ui*/*swagger-initializer.js, /swagger-ui*/**] in 'resourceHandlerMapping'
2026-05-23 22:02:36.673 [main] DEBUG [,] o.s.w.s.m.m.a.RequestMappingHandlerAdapter - ControllerAdvice beans: 0 @ModelAttribute, 0 @InitBinder, 1 RequestBodyAdvice, 1 ResponseBodyAdvice
2026-05-23 22:02:36.894 [main] DEBUG [,] o.s.w.s.m.m.a.ExceptionHandlerExceptionResolver - ControllerAdvice beans: 2 @ExceptionHandler, 1 ResponseBodyAdvice
2026-05-23 22:02:40.161 [main] INFO  [,] o.s.b.a.e.web.EndpointLinksResolver - Exposing 3 endpoints beneath base path '/actuator'
2026-05-23 22:02:40.464 [main] INFO  [,] o.s.b.w.e.tomcat.TomcatWebServer - Tomcat started on port 62687 (http) with context path '/'
2026-05-23 22:02:40.508 [main] INFO  [,] c.c.m.e.ProductComparisonApiE2ETest - Started ProductComparisonApiE2ETest in 18.756 seconds (process running for 21.338)
2026-05-23 22:02:43.766 [http-nio-auto-1-exec-1] INFO  [,] o.a.c.c.C.[Tomcat].[localhost].[/] - Initializing Spring DispatcherServlet 'dispatcherServlet'
2026-05-23 22:02:43.767 [http-nio-auto-1-exec-1] INFO  [,] o.s.web.servlet.DispatcherServlet - Initializing Servlet 'dispatcherServlet'
2026-05-23 22:02:43.768 [http-nio-auto-1-exec-1] DEBUG [,] o.s.web.servlet.DispatcherServlet - Detected StandardServletMultipartResolver
2026-05-23 22:02:43.768 [http-nio-auto-1-exec-1] DEBUG [,] o.s.web.servlet.DispatcherServlet - Detected AcceptHeaderLocaleResolver
2026-05-23 22:02:43.768 [http-nio-auto-1-exec-1] DEBUG [,] o.s.web.servlet.DispatcherServlet - Detected FixedThemeResolver
2026-05-23 22:02:43.773 [http-nio-auto-1-exec-1] DEBUG [,] o.s.web.servlet.DispatcherServlet - Detected org.springframework.web.servlet.view.DefaultRequestToViewNameTranslator@2728e166
2026-05-23 22:02:43.774 [http-nio-auto-1-exec-1] DEBUG [,] o.s.web.servlet.DispatcherServlet - Detected org.springframework.web.servlet.support.SessionFlashMapManager@25478603
2026-05-23 22:02:43.775 [http-nio-auto-1-exec-1] DEBUG [,] o.s.web.servlet.DispatcherServlet - enableLoggingRequestDetails='false': request parameters and headers will be masked to prevent unsafe logging of potentially sensitive data
2026-05-23 22:02:43.775 [http-nio-auto-1-exec-1] INFO  [,] o.s.web.servlet.DispatcherServlet - Completed initialization in 8 ms
2026-05-23 22:02:43.825 [http-nio-auto-1-exec-1] DEBUG [6a124e3331940bfdac9c80e27cfd61bf,ac9c80e27cfd61bf] o.s.web.servlet.DispatcherServlet - POST "/api/v1/products", parameters={}
2026-05-23 22:02:43.832 [http-nio-auto-1-exec-1] DEBUG [6a124e3331940bfdac9c80e27cfd61bf,ac9c80e27cfd61bf] o.s.w.s.m.m.a.RequestMappingHandlerMapping - Mapped to com.compareproduct.meli.infrastructure.web.resource.ProductController#createProduct(ProductRequest)
2026-05-23 22:02:43.833 [http-nio-auto-1-exec-1] INFO  [6a124e3331940bfdac9c80e27cfd61bf,ac9c80e27cfd61bf] c.c.m.i.config.LoggingInterceptor - REQUEST_RECEIVED method=POST uri=/api/v1/products requestId=b925fc7f userAgent=Apache-HttpClient/4.5.13 (Java/21.0.11)
2026-05-23 22:02:43.901 [http-nio-auto-1-exec-1] DEBUG [6a124e3331940bfdac9c80e27cfd61bf,ac9c80e27cfd61bf] o.s.w.s.m.m.a.RequestResponseBodyMethodProcessor - Read "application/json;charset=UTF-8" to [class ProductRequest {<EOL>    id: null<EOL>    name: E2E Test Product<EOL>    description: E2E Test Description (truncated)...]
2026-05-23 22:02:44.065 [http-nio-auto-1-exec-1] INFO  [6a124e3331940bfdac9c80e27cfd61bf,ac9c80e27cfd61bf] c.c.m.c.usecase.ProductDomainService - PRODUCT_CREATE_STARTED productId=null productName=E2E Test Product
2026-05-23 22:02:44.137 [http-nio-auto-1-exec-1] DEBUG [6a124e3331940bfdac9c80e27cfd61bf,ac9c80e27cfd61bf] org.hibernate.SQL - &amp#27;[34minsert&amp#27;[0m &amp#27;[34minto&amp#27;[0m product (description,name,price,rating,specification,url,id) &amp#27;[34mvalues&amp#27;[0m (?,?,?,?,?,?,&amp#27;[34mdefault&amp#27;[0m)
2026-05-23 22:02:44.225 [http-nio-auto-1-exec-1] INFO  [6a124e3331940bfdac9c80e27cfd61bf,ac9c80e27cfd61bf] c.c.m.c.usecase.ProductDomainService - PRODUCT_CREATE_SUCCESS productId=27 productName=E2E Test Product
2026-05-23 22:02:44.233 [http-nio-auto-1-exec-1] DEBUG [6a124e3331940bfdac9c80e27cfd61bf,ac9c80e27cfd61bf] o.s.w.s.m.m.a.HttpEntityMethodProcessor - Using 'application/json', given [*/*] and supported [application/json, application/*+json, application/yaml]
2026-05-23 22:02:44.234 [http-nio-auto-1-exec-1] DEBUG [6a124e3331940bfdac9c80e27cfd61bf,ac9c80e27cfd61bf] o.s.w.s.m.m.a.HttpEntityMethodProcessor - Nothing to write: null body
2026-05-23 22:02:44.235 [http-nio-auto-1-exec-1] INFO  [6a124e3331940bfdac9c80e27cfd61bf,ac9c80e27cfd61bf] c.c.m.i.config.LoggingInterceptor - REQUEST_COMPLETED method=POST uri=/api/v1/products requestId=b925fc7f status=201 duration=402ms
2026-05-23 22:02:44.236 [http-nio-auto-1-exec-1] DEBUG [,] o.s.web.servlet.DispatcherServlet - Completed 201 CREATED
]]></system-out>
    <system-err><![CDATA[Mockito is currently self-attaching to enable the inline-mock-maker. This will no longer work in future releases of the JDK. Please add Mockito as an agent to your build what is described in Mockito's documentation: https://javadoc.io/doc/org.mockito/mockito-core/latest/org/mockito/Mockito.html#0.3
WARNING: A Java agent has been loaded dynamically (C:\Users\MP-Silva\.m2\repository\net\bytebuddy\byte-buddy-agent\1.15.11\byte-buddy-agent-1.15.11.jar)
WARNING: If a serviceability tool is in use, please run with -XX:+EnableDynamicAgentLoading to hide this warning
WARNING: If a serviceability tool is not in use, please run with -Djdk.instrument.traceUsage for more information
WARNING: Dynamic loading of agents will be disallowed by default in a future release
]]></system-err>
  </testcase>
  <testcase name="shouldRetrieveAllProducts" classname="com.compareproduct.meli.e2e.ProductComparisonApiE2ETest" time="1.3">
    <system-out><![CDATA[2026-05-23 22:02:44.498 [http-nio-auto-1-exec-2] DEBUG [6a124e341f4a1a4cf82e7547e7b25b48,f82e7547e7b25b48] o.s.web.servlet.DispatcherServlet - GET "/api/v1/products", parameters={}
2026-05-23 22:02:44.501 [http-nio-auto-1-exec-2] DEBUG [6a124e341f4a1a4cf82e7547e7b25b48,f82e7547e7b25b48] o.s.w.s.m.m.a.RequestMappingHandlerMapping - Mapped to com.compareproduct.meli.infrastructure.web.resource.ProductController#getAllProducts()
2026-05-23 22:02:44.502 [http-nio-auto-1-exec-2] INFO  [6a124e341f4a1a4cf82e7547e7b25b48,f82e7547e7b25b48] c.c.m.i.config.LoggingInterceptor - REQUEST_RECEIVED method=GET uri=/api/v1/products requestId=1a58409c userAgent=Apache-HttpClient/4.5.13 (Java/21.0.11)
2026-05-23 22:02:44.503 [http-nio-auto-1-exec-2] DEBUG [6a124e341f4a1a4cf82e7547e7b25b48,f82e7547e7b25b48] c.c.m.c.usecase.ProductDomainService - PRODUCT_GET_ALL_STARTED
2026-05-23 22:02:44.678 [http-nio-auto-1-exec-2] DEBUG [6a124e341f4a1a4cf82e7547e7b25b48,f82e7547e7b25b48] org.hibernate.SQL - &amp#27;[34mselect&amp#27;[0m pe1_0.id,pe1_0.description,pe1_0.name,pe1_0.price,pe1_0.rating,pe1_0.specification,pe1_0.url &amp#27;[34mfrom&amp#27;[0m product pe1_0
2026-05-23 22:02:44.721 [http-nio-auto-1-exec-2] INFO  [6a124e341f4a1a4cf82e7547e7b25b48,f82e7547e7b25b48] c.c.m.c.usecase.ProductDomainService - PRODUCT_GET_ALL_SUCCESS count=27
2026-05-23 22:02:44.751 [http-nio-auto-1-exec-2] DEBUG [6a124e341f4a1a4cf82e7547e7b25b48,f82e7547e7b25b48] o.s.w.s.m.m.a.HttpEntityMethodProcessor - Using 'application/json', given [*/*] and supported [application/json, application/*+json, application/yaml]
2026-05-23 22:02:44.754 [http-nio-auto-1-exec-2] DEBUG [6a124e341f4a1a4cf82e7547e7b25b48,f82e7547e7b25b48] o.s.w.s.m.m.a.HttpEntityMethodProcessor - Writing [[class ProductResponse {<EOL>    id: 1<EOL>    name: iPhone 15 Pro<EOL>    description: Smartphone Apple com chi (truncated)...]
2026-05-23 22:02:44.776 [http-nio-auto-1-exec-2] INFO  [6a124e341f4a1a4cf82e7547e7b25b48,f82e7547e7b25b48] c.c.m.i.config.LoggingInterceptor - REQUEST_COMPLETED method=GET uri=/api/v1/products requestId=1a58409c status=200 duration=275ms
2026-05-23 22:02:44.776 [http-nio-auto-1-exec-2] DEBUG [,] o.s.web.servlet.DispatcherServlet - Completed 200 OK
]]></system-out>
  </testcase>
  <testcase name="shouldCompareMultipleProductsSuccessfully" classname="com.compareproduct.meli.e2e.ProductComparisonApiE2ETest" time="0.677">
    <system-out><![CDATA[2026-05-23 22:02:45.804 [http-nio-auto-1-exec-4] DEBUG [6a124e3582f7daaa5d603f4465382cc8,5d603f4465382cc8] o.s.web.servlet.DispatcherServlet - POST "/api/v1/products", parameters={}
2026-05-23 22:02:45.806 [http-nio-auto-1-exec-4] DEBUG [6a124e3582f7daaa5d603f4465382cc8,5d603f4465382cc8] o.s.w.s.m.m.a.RequestMappingHandlerMapping - Mapped to com.compareproduct.meli.infrastructure.web.resource.ProductController#createProduct(ProductRequest)
2026-05-23 22:02:45.807 [http-nio-auto-1-exec-4] INFO  [6a124e3582f7daaa5d603f4465382cc8,5d603f4465382cc8] c.c.m.i.config.LoggingInterceptor - REQUEST_RECEIVED method=POST uri=/api/v1/products requestId=953238e0 userAgent=Apache-HttpClient/4.5.13 (Java/21.0.11)
2026-05-23 22:02:45.808 [http-nio-auto-1-exec-4] DEBUG [6a124e3582f7daaa5d603f4465382cc8,5d603f4465382cc8] o.s.w.s.m.m.a.RequestResponseBodyMethodProcessor - Read "application/json;charset=UTF-8" to [class ProductRequest {<EOL>    id: null<EOL>    name: Second E2E Product<EOL>    description: Second E2E Descrip (truncated)...]
2026-05-23 22:02:45.810 [http-nio-auto-1-exec-4] INFO  [6a124e3582f7daaa5d603f4465382cc8,5d603f4465382cc8] c.c.m.c.usecase.ProductDomainService - PRODUCT_CREATE_STARTED productId=null productName=Second E2E Product
2026-05-23 22:02:45.811 [http-nio-auto-1-exec-4] DEBUG [6a124e3582f7daaa5d603f4465382cc8,5d603f4465382cc8] org.hibernate.SQL - &amp#27;[34minsert&amp#27;[0m &amp#27;[34minto&amp#27;[0m product (description,name,price,rating,specification,url,id) &amp#27;[34mvalues&amp#27;[0m (?,?,?,?,?,?,&amp#27;[34mdefault&amp#27;[0m)
2026-05-23 22:02:45.812 [http-nio-auto-1-exec-4] INFO  [6a124e3582f7daaa5d603f4465382cc8,5d603f4465382cc8] c.c.m.c.usecase.ProductDomainService - PRODUCT_CREATE_SUCCESS productId=28 productName=Second E2E Product
2026-05-23 22:02:45.813 [http-nio-auto-1-exec-4] DEBUG [6a124e3582f7daaa5d603f4465382cc8,5d603f4465382cc8] o.s.w.s.m.m.a.HttpEntityMethodProcessor - Using 'application/json', given [*/*] and supported [application/json, application/*+json, application/yaml]
2026-05-23 22:02:45.814 [http-nio-auto-1-exec-4] DEBUG [6a124e3582f7daaa5d603f4465382cc8,5d603f4465382cc8] o.s.w.s.m.m.a.HttpEntityMethodProcessor - Nothing to write: null body
2026-05-23 22:02:45.814 [http-nio-auto-1-exec-4] INFO  [6a124e3582f7daaa5d603f4465382cc8,5d603f4465382cc8] c.c.m.i.config.LoggingInterceptor - REQUEST_COMPLETED method=POST uri=/api/v1/products requestId=953238e0 status=201 duration=7ms
2026-05-23 22:02:45.814 [http-nio-auto-1-exec-4] DEBUG [,] o.s.web.servlet.DispatcherServlet - Completed 201 CREATED
2026-05-23 22:02:45.851 [http-nio-auto-1-exec-5] DEBUG [6a124e350105b13b693e7c5187cab633,693e7c5187cab633] o.s.web.servlet.DispatcherServlet - POST "/api/v1/compare/products", parameters={}
2026-05-23 22:02:45.851 [http-nio-auto-1-exec-5] DEBUG [6a124e350105b13b693e7c5187cab633,693e7c5187cab633] o.s.w.s.m.m.a.RequestMappingHandlerMapping - Mapped to com.compareproduct.meli.infrastructure.web.resource.CompareController#compareProducts(CompareRequest)
2026-05-23 22:02:45.852 [http-nio-auto-1-exec-5] INFO  [6a124e350105b13b693e7c5187cab633,693e7c5187cab633] c.c.m.i.config.LoggingInterceptor - REQUEST_RECEIVED method=POST uri=/api/v1/compare/products requestId=b181a0f6 userAgent=Apache-HttpClient/4.5.13 (Java/21.0.11)
2026-05-23 22:02:45.855 [http-nio-auto-1-exec-5] DEBUG [6a124e350105b13b693e7c5187cab633,693e7c5187cab633] o.s.w.s.m.m.a.RequestResponseBodyMethodProcessor - Read "application/json;charset=UTF-8" to [class CompareRequest {<EOL>    productIds: [1, 2]<EOL>}]
2026-05-23 22:02:46.001 [http-nio-auto-1-exec-5] INFO  [6a124e350105b13b693e7c5187cab633,693e7c5187cab633] c.c.m.c.u.ComparisonDomainService - COMPARISON_STARTED productCount=2 productIds=[1, 2]
2026-05-23 22:02:46.002 [http-nio-auto-1-exec-5] DEBUG [6a124e350105b13b693e7c5187cab633,693e7c5187cab633] c.c.m.c.usecase.ProductDomainService - PRODUCT_GET_BY_IDS_STARTED ids=[1, 2]
2026-05-23 22:02:46.033 [http-nio-auto-1-exec-5] DEBUG [6a124e350105b13b693e7c5187cab633,693e7c5187cab633] org.hibernate.SQL - &amp#27;[34mselect&amp#27;[0m pe1_0.id,pe1_0.description,pe1_0.name,pe1_0.price,pe1_0.rating,pe1_0.specification,pe1_0.url &amp#27;[34mfrom&amp#27;[0m product pe1_0 &amp#27;[34mwhere&amp#27;[0m pe1_0.id &amp#27;[34min&amp#27;[0m (?,?)
2026-05-23 22:02:46.036 [http-nio-auto-1-exec-5] INFO  [6a124e350105b13b693e7c5187cab633,693e7c5187cab633] c.c.m.c.usecase.ProductDomainService - PRODUCT_GET_BY_IDS_SUCCESS requestedCount=2 foundCount=2
2026-05-23 22:02:46.037 [http-nio-auto-1-exec-5] INFO  [6a124e350105b13b693e7c5187cab633,693e7c5187cab633] c.c.m.c.u.ComparisonDomainService - COMPARISON_SUCCESS productCount=2 duration=35ms productsFound=2
2026-05-23 22:02:46.044 [http-nio-auto-1-exec-5] DEBUG [6a124e350105b13b693e7c5187cab633,693e7c5187cab633] o.s.w.s.m.m.a.HttpEntityMethodProcessor - Using 'application/json', given [*/*] and supported [application/json, application/*+json, application/yaml]
2026-05-23 22:02:46.044 [http-nio-auto-1-exec-5] DEBUG [6a124e350105b13b693e7c5187cab633,693e7c5187cab633] o.s.w.s.m.m.a.HttpEntityMethodProcessor - Writing [class CompareResponse {<EOL>    products: [class ProductSummary {<EOL>        id: 1<EOL>        name: iPhone 15  (truncated)...]
2026-05-23 22:02:46.055 [http-nio-auto-1-exec-5] INFO  [6a124e350105b13b693e7c5187cab633,693e7c5187cab633] c.c.m.i.config.LoggingInterceptor - REQUEST_COMPLETED method=POST uri=/api/v1/compare/products requestId=b181a0f6 status=200 duration=203ms
2026-05-23 22:02:46.056 [http-nio-auto-1-exec-5] DEBUG [,] o.s.web.servlet.DispatcherServlet - Completed 200 OK
]]></system-out>
  </testcase>
  <testcase name="shouldRetrieveSpecificProduct" classname="com.compareproduct.meli.e2e.ProductComparisonApiE2ETest" time="0.224">
    <system-out><![CDATA[2026-05-23 22:02:46.539 [http-nio-auto-1-exec-6] DEBUG [6a124e36585171f3fb5107cc290c6400,fb5107cc290c6400] o.s.web.servlet.DispatcherServlet - GET "/api/v1/products/1", parameters={}
2026-05-23 22:02:46.540 [http-nio-auto-1-exec-6] DEBUG [6a124e36585171f3fb5107cc290c6400,fb5107cc290c6400] o.s.w.s.m.m.a.RequestMappingHandlerMapping - Mapped to com.compareproduct.meli.infrastructure.web.resource.ProductController#getProductById(Long)
2026-05-23 22:02:46.540 [http-nio-auto-1-exec-6] INFO  [6a124e36585171f3fb5107cc290c6400,fb5107cc290c6400] c.c.m.i.config.LoggingInterceptor - REQUEST_RECEIVED method=GET uri=/api/v1/products/1 requestId=544bf82f userAgent=Apache-HttpClient/4.5.13 (Java/21.0.11)
2026-05-23 22:02:46.542 [http-nio-auto-1-exec-6] DEBUG [6a124e36585171f3fb5107cc290c6400,fb5107cc290c6400] c.c.m.c.usecase.ProductDomainService - PRODUCT_GET_STARTED productId=1
2026-05-23 22:02:46.555 [http-nio-auto-1-exec-6] DEBUG [6a124e36585171f3fb5107cc290c6400,fb5107cc290c6400] org.hibernate.SQL - &amp#27;[34mselect&amp#27;[0m pe1_0.id,pe1_0.description,pe1_0.name,pe1_0.price,pe1_0.rating,pe1_0.specification,pe1_0.url &amp#27;[34mfrom&amp#27;[0m product pe1_0 &amp#27;[34mwhere&amp#27;[0m pe1_0.id=?
2026-05-23 22:02:46.558 [http-nio-auto-1-exec-6] DEBUG [6a124e36585171f3fb5107cc290c6400,fb5107cc290c6400] c.c.m.c.usecase.ProductDomainService - PRODUCT_GET_SUCCESS productId=1 productName=iPhone 15 Pro
2026-05-23 22:02:46.567 [http-nio-auto-1-exec-6] DEBUG [6a124e36585171f3fb5107cc290c6400,fb5107cc290c6400] o.s.w.s.m.m.a.HttpEntityMethodProcessor - Using 'application/json', given [*/*] and supported [application/json, application/*+json, application/yaml]
2026-05-23 22:02:46.567 [http-nio-auto-1-exec-6] DEBUG [6a124e36585171f3fb5107cc290c6400,fb5107cc290c6400] o.s.w.s.m.m.a.HttpEntityMethodProcessor - Writing [class ProductResponse {<EOL>    id: 1<EOL>    name: iPhone 15 Pro<EOL>    description: Smartphone Apple com chip (truncated)...]
2026-05-23 22:02:46.570 [http-nio-auto-1-exec-6] INFO  [6a124e36585171f3fb5107cc290c6400,fb5107cc290c6400] c.c.m.i.config.LoggingInterceptor - REQUEST_COMPLETED method=GET uri=/api/v1/products/1 requestId=544bf82f status=200 duration=30ms
2026-05-23 22:02:46.570 [http-nio-auto-1-exec-6] DEBUG [,] o.s.web.servlet.DispatcherServlet - Completed 200 OK
]]></system-out>
  </testcase>
  <testcase name="shouldReturnBadRequestForSingleProduct" classname="com.compareproduct.meli.e2e.ProductComparisonApiE2ETest" time="0.411">
    <system-out><![CDATA[2026-05-23 22:02:47.003 [http-nio-auto-1-exec-7] DEBUG [6a124e374cc793376df83ca1568aab66,6df83ca1568aab66] o.s.web.servlet.DispatcherServlet - POST "/api/v1/compare/products", parameters={}
2026-05-23 22:02:47.005 [http-nio-auto-1-exec-7] DEBUG [6a124e374cc793376df83ca1568aab66,6df83ca1568aab66] o.s.w.s.m.m.a.RequestMappingHandlerMapping - Mapped to com.compareproduct.meli.infrastructure.web.resource.CompareController#compareProducts(CompareRequest)
2026-05-23 22:02:47.005 [http-nio-auto-1-exec-7] INFO  [6a124e374cc793376df83ca1568aab66,6df83ca1568aab66] c.c.m.i.config.LoggingInterceptor - REQUEST_RECEIVED method=POST uri=/api/v1/compare/products requestId=ca0f6dad userAgent=Apache-HttpClient/4.5.13 (Java/21.0.11)
2026-05-23 22:02:47.013 [http-nio-auto-1-exec-7] DEBUG [6a124e374cc793376df83ca1568aab66,6df83ca1568aab66] o.s.w.s.m.m.a.RequestResponseBodyMethodProcessor - Read "application/json;charset=UTF-8" to [class CompareRequest {<EOL>    productIds: [1]<EOL>}]
2026-05-23 22:02:47.081 [http-nio-auto-1-exec-7] DEBUG [6a124e374cc793376df83ca1568aab66,6df83ca1568aab66] o.s.w.s.m.m.a.ExceptionHandlerExceptionResolver - Using @ExceptionHandler com.compareproduct.meli.infrastructure.web.exception.GlobalExceptionHandler#handleMethodArgumentNotValidException(MethodArgumentNotValidException, WebRequest)
2026-05-23 22:02:47.082 [http-nio-auto-1-exec-7] ERROR [6a124e374cc793376df83ca1568aab66,6df83ca1568aab66] c.c.m.i.w.e.GlobalExceptionHandler - EXCEPTION_VALIDATION_ERROR path=uri=/api/v1/compare/products error=Validation failed for argument [0] in public org.springframework.http.ResponseEntity<com.compareproduct.meli.api.model.CompareResponse> com.compareproduct.meli.infrastructure.web.resource.CompareController.compareProducts(com.compareproduct.meli.api.model.CompareRequest): [Field error in object 'compareRequest' on field 'productIds': rejected value [[1]]; codes [Size.compareRequest.productIds,Size.productIds,Size.java.util.List,Size]; arguments [org.springframework.context.support.DefaultMessageSourceResolvable: codes [compareRequest.productIds,productIds]; arguments []; default message [productIds],10,2]; default message [tamanho deve ser entre 2 e 10]] 
2026-05-23 22:02:47.084 [http-nio-auto-1-exec-7] DEBUG [6a124e374cc793376df83ca1568aab66,6df83ca1568aab66] o.s.w.s.m.m.a.HttpEntityMethodProcessor - Using 'application/json', given [*/*] and supported [application/json, application/*+json, application/yaml]
2026-05-23 22:02:47.085 [http-nio-auto-1-exec-7] DEBUG [6a124e374cc793376df83ca1568aab66,6df83ca1568aab66] o.s.w.s.m.m.a.HttpEntityMethodProcessor - Writing [{message=Validation failed, status=400}]
2026-05-23 22:02:47.088 [http-nio-auto-1-exec-7] DEBUG [6a124e374cc793376df83ca1568aab66,6df83ca1568aab66] o.s.w.s.m.m.a.ExceptionHandlerExceptionResolver - Resolved [org.springframework.web.bind.MethodArgumentNotValidException: Validation failed for argument [0] in public org.springframework.http.ResponseEntity<com.compareproduct.meli.api.model.CompareResponse> com.compareproduct.meli.infrastructure.web.resource.CompareController.compareProducts(com.compareproduct.meli.api.model.CompareRequest): [Field error in object 'compareRequest' on field 'productIds': rejected value [[1]]; codes [Size.compareRequest.productIds,Size.productIds,Size.java.util.List,Size]; arguments [org.springframework.context.support.DefaultMessageSourceResolvable: codes [compareRequest.productIds,productIds]; arguments []; default message [productIds],10,2]; default message [tamanho deve ser entre 2 e 10]] ]
2026-05-23 22:02:47.089 [http-nio-auto-1-exec-7] WARN  [6a124e374cc793376df83ca1568aab66,6df83ca1568aab66] c.c.m.i.config.LoggingInterceptor - REQUEST_ERROR method=POST uri=/api/v1/compare/products requestId=ca0f6dad status=400 duration=83ms
2026-05-23 22:02:47.090 [http-nio-auto-1-exec-7] DEBUG [,] o.s.web.servlet.DispatcherServlet - Completed 400 BAD_REQUEST
]]></system-out>
  </testcase>
  <testcase name="shouldHandleComparisonOfNonExistingProducts" classname="com.compareproduct.meli.e2e.ProductComparisonApiE2ETest" time="0.122">
    <system-out><![CDATA[2026-05-23 22:02:47.158 [http-nio-auto-1-exec-2] DEBUG [6a124e372319b00de1c20c012b1a84b0,e1c20c012b1a84b0] o.s.web.servlet.DispatcherServlet - POST "/api/v1/compare/products", parameters={}
2026-05-23 22:02:47.159 [http-nio-auto-1-exec-2] DEBUG [6a124e372319b00de1c20c012b1a84b0,e1c20c012b1a84b0] o.s.w.s.m.m.a.RequestMappingHandlerMapping - Mapped to com.compareproduct.meli.infrastructure.web.resource.CompareController#compareProducts(CompareRequest)
2026-05-23 22:02:47.159 [http-nio-auto-1-exec-2] INFO  [6a124e372319b00de1c20c012b1a84b0,e1c20c012b1a84b0] c.c.m.i.config.LoggingInterceptor - REQUEST_RECEIVED method=POST uri=/api/v1/compare/products requestId=c30a1fd2 userAgent=Apache-HttpClient/4.5.13 (Java/21.0.11)
2026-05-23 22:02:47.160 [http-nio-auto-1-exec-2] DEBUG [6a124e372319b00de1c20c012b1a84b0,e1c20c012b1a84b0] o.s.w.s.m.m.a.RequestResponseBodyMethodProcessor - Read "application/json;charset=UTF-8" to [class CompareRequest {<EOL>    productIds: [999, 1000]<EOL>}]
2026-05-23 22:02:47.162 [http-nio-auto-1-exec-2] INFO  [6a124e372319b00de1c20c012b1a84b0,e1c20c012b1a84b0] c.c.m.c.u.ComparisonDomainService - COMPARISON_STARTED productCount=2 productIds=[999, 1000]
2026-05-23 22:02:47.162 [http-nio-auto-1-exec-2] DEBUG [6a124e372319b00de1c20c012b1a84b0,e1c20c012b1a84b0] c.c.m.c.usecase.ProductDomainService - PRODUCT_GET_BY_IDS_STARTED ids=[999, 1000]
2026-05-23 22:02:47.164 [http-nio-auto-1-exec-2] DEBUG [6a124e372319b00de1c20c012b1a84b0,e1c20c012b1a84b0] org.hibernate.SQL - &amp#27;[34mselect&amp#27;[0m pe1_0.id,pe1_0.description,pe1_0.name,pe1_0.price,pe1_0.rating,pe1_0.specification,pe1_0.url &amp#27;[34mfrom&amp#27;[0m product pe1_0 &amp#27;[34mwhere&amp#27;[0m pe1_0.id &amp#27;[34min&amp#27;[0m (?,?)
2026-05-23 22:02:47.166 [http-nio-auto-1-exec-2] INFO  [6a124e372319b00de1c20c012b1a84b0,e1c20c012b1a84b0] c.c.m.c.usecase.ProductDomainService - PRODUCT_GET_BY_IDS_SUCCESS requestedCount=2 foundCount=0
2026-05-23 22:02:47.166 [http-nio-auto-1-exec-2] INFO  [6a124e372319b00de1c20c012b1a84b0,e1c20c012b1a84b0] c.c.m.c.u.ComparisonDomainService - COMPARISON_SUCCESS productCount=2 duration=4ms productsFound=0
2026-05-23 22:02:47.167 [http-nio-auto-1-exec-2] DEBUG [6a124e372319b00de1c20c012b1a84b0,e1c20c012b1a84b0] o.s.w.s.m.m.a.HttpEntityMethodProcessor - Using 'application/json', given [*/*] and supported [application/json, application/*+json, application/yaml]
2026-05-23 22:02:47.167 [http-nio-auto-1-exec-2] DEBUG [6a124e372319b00de1c20c012b1a84b0,e1c20c012b1a84b0] o.s.w.s.m.m.a.HttpEntityMethodProcessor - Writing [class CompareResponse {<EOL>    products: []<EOL>    comparison: {price=[], rating=[], specification=[]}<EOL>}]
2026-05-23 22:02:47.169 [http-nio-auto-1-exec-2] INFO  [6a124e372319b00de1c20c012b1a84b0,e1c20c012b1a84b0] c.c.m.i.config.LoggingInterceptor - REQUEST_COMPLETED method=POST uri=/api/v1/compare/products requestId=c30a1fd2 status=200 duration=10ms
2026-05-23 22:02:47.170 [http-nio-auto-1-exec-2] DEBUG [,] o.s.web.servlet.DispatcherServlet - Completed 200 OK
]]></system-out>
  </testcase>
  <testcase name="shouldHandleInvalidProductCreation" classname="com.compareproduct.meli.e2e.ProductComparisonApiE2ETest" time="0.152">
    <system-out><![CDATA[2026-05-23 22:02:47.295 [http-nio-auto-1-exec-3] DEBUG [6a124e37091bf5a6be59afdfeda906e5,be59afdfeda906e5] o.s.web.servlet.DispatcherServlet - POST "/api/v1/products", parameters={}
2026-05-23 22:02:47.296 [http-nio-auto-1-exec-3] DEBUG [6a124e37091bf5a6be59afdfeda906e5,be59afdfeda906e5] o.s.w.s.m.m.a.RequestMappingHandlerMapping - Mapped to com.compareproduct.meli.infrastructure.web.resource.ProductController#createProduct(ProductRequest)
2026-05-23 22:02:47.297 [http-nio-auto-1-exec-3] INFO  [6a124e37091bf5a6be59afdfeda906e5,be59afdfeda906e5] c.c.m.i.config.LoggingInterceptor - REQUEST_RECEIVED method=POST uri=/api/v1/products requestId=9a436ad7 userAgent=Apache-HttpClient/4.5.13 (Java/21.0.11)
2026-05-23 22:02:47.298 [http-nio-auto-1-exec-3] DEBUG [6a124e37091bf5a6be59afdfeda906e5,be59afdfeda906e5] o.s.w.s.m.m.a.RequestResponseBodyMethodProcessor - Read "application/json;charset=UTF-8" to [class ProductRequest {<EOL>    id: null<EOL>    name: <EOL>    description: <EOL>    price: -1.0<EOL>    rating: null<EOL>   (truncated)...]
2026-05-23 22:02:47.371 [http-nio-auto-1-exec-3] DEBUG [6a124e37091bf5a6be59afdfeda906e5,be59afdfeda906e5] o.s.w.s.m.m.a.ExceptionHandlerExceptionResolver - Using @ExceptionHandler com.compareproduct.meli.infrastructure.web.exception.GlobalExceptionHandler#handleMethodArgumentNotValidException(MethodArgumentNotValidException, WebRequest)
2026-05-23 22:02:47.372 [http-nio-auto-1-exec-3] ERROR [6a124e37091bf5a6be59afdfeda906e5,be59afdfeda906e5] c.c.m.i.w.e.GlobalExceptionHandler - EXCEPTION_VALIDATION_ERROR path=uri=/api/v1/products error=Validation failed for argument [0] in public org.springframework.http.ResponseEntity<java.lang.Void> com.compareproduct.meli.infrastructure.web.resource.ProductController.createProduct(com.compareproduct.meli.api.model.ProductRequest) with 5 errors: [Field error in object 'productRequest' on field 'price': rejected value [-1.0]; codes [DecimalMin.productRequest.price,DecimalMin.price,DecimalMin.java.lang.Double,DecimalMin]; arguments [org.springframework.context.support.DefaultMessageSourceResolvable: codes [productRequest.price,price]; arguments []; default message [price],true,0.01]; default message [deve ser maior que ou igual a 0.01]] [Field error in object 'productRequest' on field 'name': rejected value []; codes [Size.productRequest.name,Size.name,Size.java.lang.String,Size]; arguments [org.springframework.context.support.DefaultMessageSourceResolvable: codes [productRequest.name,name]; arguments []; default message [name],255,1]; default message [tamanho deve ser entre 1 e 255]] [Field error in object 'productRequest' on field 'specification': rejected value []; codes [Size.productRequest.specification,Size.specification,Size.java.lang.String,Size]; arguments [org.springframework.context.support.DefaultMessageSourceResolvable: codes [productRequest.specification,specification]; arguments []; default message [specification],500,1]; default message [tamanho deve ser entre 1 e 500]] [Field error in object 'productRequest' on field 'rating': rejected value [null]; codes [NotNull.productRequest.rating,NotNull.rating,NotNull.com.compareproduct.meli.api.model.Rating,NotNull]; arguments [org.springframework.context.support.DefaultMessageSourceResolvable: codes [productRequest.rating,rating]; arguments []; default message [rating]]; default message [não deve ser nulo]] [Field error in object 'productRequest' on field 'description': rejected value []; codes [Size.productRequest.description,Size.description,Size.java.lang.String,Size]; arguments [org.springframework.context.support.DefaultMessageSourceResolvable: codes [productRequest.description,description]; arguments []; default message [description],1000,1]; default message [tamanho deve ser entre 1 e 1000]] 
2026-05-23 22:02:47.373 [http-nio-auto-1-exec-3] DEBUG [6a124e37091bf5a6be59afdfeda906e5,be59afdfeda906e5] o.s.w.s.m.m.a.HttpEntityMethodProcessor - Using 'application/json', given [*/*] and supported [application/json, application/*+json, application/yaml]
2026-05-23 22:02:47.373 [http-nio-auto-1-exec-3] DEBUG [6a124e37091bf5a6be59afdfeda906e5,be59afdfeda906e5] o.s.w.s.m.m.a.HttpEntityMethodProcessor - Writing [{message=Validation failed, status=400}]
2026-05-23 22:02:47.376 [http-nio-auto-1-exec-3] DEBUG [6a124e37091bf5a6be59afdfeda906e5,be59afdfeda906e5] o.s.w.s.m.m.a.ExceptionHandlerExceptionResolver - Resolved [org.springframework.web.bind.MethodArgumentNotValidException: Validation failed for argument [0] in public org.springframework.http.ResponseEntity<java.lang.Void> com.compareproduct.meli.infrastructure.web.resource.ProductController.createProduct(com.compareproduct.meli.api.model.ProductRequest) with 5 errors: [Field error in object 'productRequest' on field 'price': rejected value [-1.0]; codes [DecimalMin.productRequest.price,DecimalMin.price,DecimalMin.java.lang.Double,DecimalMin]; arguments [org.springframework.context.support.DefaultMessageSourceResolvable: codes [productRequest.price,price]; arguments []; default message [price],true,0.01]; default message [deve ser maior que ou igual a 0.01]] [Field error in object 'productRequest' on field 'name': rejected value []; codes [Size.productRequest.name,Size.name,Size.java.lang.String,Size]; arguments [org.springframework.context.support.DefaultMessageSourceResolvable: codes [productRequest.name,name]; arguments []; default message [name],255,1]; default message [tamanho deve ser entre 1 e 255]] [Field error in object 'productRequest' on field 'specification': rejected value []; codes [Size.productRequest.specification,Size.specification,Size.java.lang.String,Size]; arguments [org.springframework.context.support.DefaultMessageSourceResolvable: codes [productRequest.specification,specification]; arguments []; default message [specification],500,1]; default message [tamanho deve ser entre 1 e 500]] [Field error in object 'productRequest' on field 'rating': rejected value [null]; codes [NotNull.productRequest.rating,NotNull.rating,NotNull.com.compareproduct.meli.api.model.Rating,NotNull]; arguments [org.springframework.context.support.DefaultMessageSourceResolvable: codes [productRequest.rating,rating]; arguments []; default message [rating]]; default message [não deve ser nulo]] [Field error in object 'productRequest' on field 'description': rejected value []; codes [Size.productRequest.description,Size.description,Size.java.lang.String,Size]; arguments [org.springframework.context.support.DefaultMessageSourceResolvable: codes [productRequest.description,description]; arguments []; default message [description],1000,1]; default message [tamanho deve ser entre 1 e 1000]] ]
2026-05-23 22:02:47.377 [http-nio-auto-1-exec-3] WARN  [6a124e37091bf5a6be59afdfeda906e5,be59afdfeda906e5] c.c.m.i.config.LoggingInterceptor - REQUEST_ERROR method=POST uri=/api/v1/products requestId=9a436ad7 status=400 duration=80ms
2026-05-23 22:02:47.377 [http-nio-auto-1-exec-3] DEBUG [,] o.s.web.servlet.DispatcherServlet - Completed 400 BAD_REQUEST
]]></system-out>
  </testcase>
  <testcase name="shouldReturn404ForNonExistingProduct" classname="com.compareproduct.meli.e2e.ProductComparisonApiE2ETest" time="0.109">
    <system-out><![CDATA[2026-05-23 22:02:47.484 [http-nio-auto-1-exec-4] DEBUG [6a124e3755e57b25f110863c5a02abba,f110863c5a02abba] o.s.web.servlet.DispatcherServlet - GET "/api/v1/products/99999", parameters={}
2026-05-23 22:02:47.485 [http-nio-auto-1-exec-4] DEBUG [6a124e3755e57b25f110863c5a02abba,f110863c5a02abba] o.s.w.s.m.m.a.RequestMappingHandlerMapping - Mapped to com.compareproduct.meli.infrastructure.web.resource.ProductController#getProductById(Long)
2026-05-23 22:02:47.486 [http-nio-auto-1-exec-4] INFO  [6a124e3755e57b25f110863c5a02abba,f110863c5a02abba] c.c.m.i.config.LoggingInterceptor - REQUEST_RECEIVED method=GET uri=/api/v1/products/99999 requestId=009aa4a2 userAgent=Apache-HttpClient/4.5.13 (Java/21.0.11)
2026-05-23 22:02:47.486 [http-nio-auto-1-exec-4] DEBUG [6a124e3755e57b25f110863c5a02abba,f110863c5a02abba] c.c.m.c.usecase.ProductDomainService - PRODUCT_GET_STARTED productId=99999
2026-05-23 22:02:47.488 [http-nio-auto-1-exec-4] DEBUG [6a124e3755e57b25f110863c5a02abba,f110863c5a02abba] org.hibernate.SQL - &amp#27;[34mselect&amp#27;[0m pe1_0.id,pe1_0.description,pe1_0.name,pe1_0.price,pe1_0.rating,pe1_0.specification,pe1_0.url &amp#27;[34mfrom&amp#27;[0m product pe1_0 &amp#27;[34mwhere&amp#27;[0m pe1_0.id=?
2026-05-23 22:02:47.490 [http-nio-auto-1-exec-4] WARN  [6a124e3755e57b25f110863c5a02abba,f110863c5a02abba] c.c.m.c.usecase.ProductDomainService - PRODUCT_GET_ERROR reason=not_found productId=99999
2026-05-23 22:02:47.493 [http-nio-auto-1-exec-4] WARN  [6a124e3755e57b25f110863c5a02abba,f110863c5a02abba] c.c.m.i.util.MessageUtil - Message not found for key: messages.product.notfound
java.util.MissingResourceException: Can't find bundle for base name messages, locale 
	at java.base/java.util.ResourceBundle.throwMissingResourceException(ResourceBundle.java:2059)
	at java.base/java.util.ResourceBundle.getBundleImpl(ResourceBundle.java:1697)
	at java.base/java.util.ResourceBundle.getBundleImpl(ResourceBundle.java:1600)
	at java.base/java.util.ResourceBundle.getBundleImpl(ResourceBundle.java:1555)
	at java.base/java.util.ResourceBundle.getBundle(ResourceBundle.java:935)
	at com.compareproduct.meli.infrastructure.util.MessageUtil.getMessage(MessageUtil.java:19)
	at com.compareproduct.meli.infrastructure.util.ResourceBundleMessageAdapter.getMessage(ResourceBundleMessageAdapter.java:11)
	at com.compareproduct.meli.core.usecase.ProductDomainService.lambda$getById$1(ProductDomainService.java:59)
	at java.base/java.util.Optional.orElseThrow(Optional.java:403)
	at com.compareproduct.meli.core.usecase.ProductDomainService.lambda$getById$2(ProductDomainService.java:56)
	at io.micrometer.core.instrument.AbstractTimer.recordCallable(AbstractTimer.java:178)
	at com.compareproduct.meli.infrastructure.observability.metrics.ProductMetrics.recordProductFetchTime(ProductMetrics.java:40)
	at com.compareproduct.meli.infrastructure.observability.MetricsAdapter.recordProductFetchTime(MetricsAdapter.java:39)
	at com.compareproduct.meli.core.usecase.ProductDomainService.getById(ProductDomainService.java:50)
	at com.compareproduct.meli.infrastructure.web.resource.ProductController.getProductById(ProductController.java:39)
	at java.base/jdk.internal.reflect.DirectMethodHandleAccessor.invoke(DirectMethodHandleAccessor.java:103)
	at java.base/java.lang.reflect.Method.invoke(Method.java:580)
	at org.springframework.web.method.support.InvocableHandlerMethod.doInvoke(InvocableHandlerMethod.java:257)
	at org.springframework.web.method.support.InvocableHandlerMethod.invokeForRequest(InvocableHandlerMethod.java:190)
	at org.springframework.web.servlet.mvc.method.annotation.ServletInvocableHandlerMethod.invokeAndHandle(ServletInvocableHandlerMethod.java:118)
	at org.springframework.web.servlet.mvc.method.annotation.RequestMappingHandlerAdapter.invokeHandlerMethod(RequestMappingHandlerAdapter.java:986)
	at org.springframework.web.servlet.mvc.method.annotation.RequestMappingHandlerAdapter.handleInternal(RequestMappingHandlerAdapter.java:891)
	at org.springframework.web.servlet.mvc.method.AbstractHandlerMethodAdapter.handle(AbstractHandlerMethodAdapter.java:87)
	at org.springframework.web.servlet.DispatcherServlet.doDispatch(DispatcherServlet.java:1088)
	at org.springframework.web.servlet.DispatcherServlet.doService(DispatcherServlet.java:978)
	at org.springframework.web.servlet.FrameworkServlet.processRequest(FrameworkServlet.java:1014)
	at org.springframework.web.servlet.FrameworkServlet.doGet(FrameworkServlet.java:903)
	at jakarta.servlet.http.HttpServlet.service(HttpServlet.java:564)
	at org.springframework.web.servlet.FrameworkServlet.service(FrameworkServlet.java:885)
	at jakarta.servlet.http.HttpServlet.service(HttpServlet.java:658)
	at org.apache.catalina.core.ApplicationFilterChain.internalDoFilter(ApplicationFilterChain.java:195)
	at org.apache.catalina.core.ApplicationFilterChain.doFilter(ApplicationFilterChain.java:140)
	at org.apache.tomcat.websocket.server.WsFilter.doFilter(WsFilter.java:51)
	at org.apache.catalina.core.ApplicationFilterChain.internalDoFilter(ApplicationFilterChain.java:164)
	at org.apache.catalina.core.ApplicationFilterChain.doFilter(ApplicationFilterChain.java:140)
	at org.springframework.web.filter.RequestContextFilter.doFilterInternal(RequestContextFilter.java:100)
	at org.springframework.web.filter.OncePerRequestFilter.doFilter(OncePerRequestFilter.java:116)
	at org.apache.catalina.core.ApplicationFilterChain.internalDoFilter(ApplicationFilterChain.java:164)
	at org.apache.catalina.core.ApplicationFilterChain.doFilter(ApplicationFilterChain.java:140)
	at org.springframework.web.filter.FormContentFilter.doFilterInternal(FormContentFilter.java:93)
	at org.springframework.web.filter.OncePerRequestFilter.doFilter(OncePerRequestFilter.java:116)
	at org.apache.catalina.core.ApplicationFilterChain.internalDoFilter(ApplicationFilterChain.java:164)
	at org.apache.catalina.core.ApplicationFilterChain.doFilter(ApplicationFilterChain.java:140)
	at org.springframework.web.filter.ServerHttpObservationFilter.doFilterInternal(ServerHttpObservationFilter.java:114)
	at org.springframework.web.filter.OncePerRequestFilter.doFilter(OncePerRequestFilter.java:116)
	at org.apache.catalina.core.ApplicationFilterChain.internalDoFilter(ApplicationFilterChain.java:164)
	at org.apache.catalina.core.ApplicationFilterChain.doFilter(ApplicationFilterChain.java:140)
	at org.springframework.web.filter.CharacterEncodingFilter.doFilterInternal(CharacterEncodingFilter.java:201)
	at org.springframework.web.filter.OncePerRequestFilter.doFilter(OncePerRequestFilter.java:116)
	at org.apache.catalina.core.ApplicationFilterChain.internalDoFilter(ApplicationFilterChain.java:164)
	at org.apache.catalina.core.ApplicationFilterChain.doFilter(ApplicationFilterChain.java:140)
	at org.apache.catalina.core.StandardWrapperValve.invoke(StandardWrapperValve.java:167)
	at org.apache.catalina.core.StandardContextValve.invoke(StandardContextValve.java:90)
	at org.apache.catalina.authenticator.AuthenticatorBase.invoke(AuthenticatorBase.java:483)
	at org.apache.catalina.core.StandardHostValve.invoke(StandardHostValve.java:115)
	at org.apache.catalina.valves.ErrorReportValve.invoke(ErrorReportValve.java:93)
	at org.apache.catalina.core.StandardEngineValve.invoke(StandardEngineValve.java:74)
	at org.apache.catalina.valves.RemoteIpValve.invoke(RemoteIpValve.java:731)
	at org.apache.catalina.connector.CoyoteAdapter.service(CoyoteAdapter.java:344)
	at org.apache.coyote.http11.Http11Processor.service(Http11Processor.java:397)
	at org.apache.coyote.AbstractProcessorLight.process(AbstractProcessorLight.java:63)
	at org.apache.coyote.AbstractProtocol$ConnectionHandler.process(AbstractProtocol.java:905)
	at org.apache.tomcat.util.net.NioEndpoint$SocketProcessor.doRun(NioEndpoint.java:1743)
	at org.apache.tomcat.util.net.SocketProcessorBase.run(SocketProcessorBase.java:52)
	at org.apache.tomcat.util.threads.ThreadPoolExecutor.runWorker(ThreadPoolExecutor.java:1190)
	at org.apache.tomcat.util.threads.ThreadPoolExecutor$Worker.run(ThreadPoolExecutor.java:659)
	at org.apache.tomcat.util.threads.TaskThread$WrappingRunnable.run(TaskThread.java:63)
	at java.base/java.lang.Thread.run(Thread.java:1583)
2026-05-23 22:02:47.514 [http-nio-auto-1-exec-4] DEBUG [6a124e3755e57b25f110863c5a02abba,f110863c5a02abba] o.s.w.s.m.m.a.ExceptionHandlerExceptionResolver - Using @ExceptionHandler com.compareproduct.meli.infrastructure.web.exception.GlobalExceptionHandler#handleNoSuchResourceFoundException(NoSuchResourceFoundException, WebRequest)
2026-05-23 22:02:47.516 [http-nio-auto-1-exec-4] ERROR [6a124e3755e57b25f110863c5a02abba,f110863c5a02abba] c.c.m.i.w.e.GlobalExceptionHandler - EXCEPTION_RESOURCE_NOT_FOUND path=uri=/api/v1/products/99999 error=messages.product.notfound
2026-05-23 22:02:47.517 [http-nio-auto-1-exec-4] DEBUG [6a124e3755e57b25f110863c5a02abba,f110863c5a02abba] o.s.w.s.m.m.a.HttpEntityMethodProcessor - Using 'application/json', given [*/*] and supported [application/json, application/*+json, application/yaml]
2026-05-23 22:02:47.517 [http-nio-auto-1-exec-4] DEBUG [6a124e3755e57b25f110863c5a02abba,f110863c5a02abba] o.s.w.s.m.m.a.HttpEntityMethodProcessor - Writing [{message=Product not found, status=404}]
2026-05-23 22:02:47.520 [http-nio-auto-1-exec-4] DEBUG [6a124e3755e57b25f110863c5a02abba,f110863c5a02abba] o.s.w.s.m.m.a.ExceptionHandlerExceptionResolver - Resolved [com.compareproduct.meli.core.domain.exception.NoSuchResourceFoundException: messages.product.notfound]
2026-05-23 22:02:47.520 [http-nio-auto-1-exec-4] WARN  [6a124e3755e57b25f110863c5a02abba,f110863c5a02abba] c.c.m.i.config.LoggingInterceptor - REQUEST_ERROR method=GET uri=/api/v1/products/99999 requestId=009aa4a2 status=404 duration=34ms
2026-05-23 22:02:47.520 [http-nio-auto-1-exec-4] DEBUG [,] o.s.web.servlet.DispatcherServlet - Completed 404 NOT_FOUND
]]></system-out>
  </testcase>
  <testcase name="shouldHandleInvalidComparisonRequest" classname="com.compareproduct.meli.e2e.ProductComparisonApiE2ETest" time="0.223">
    <system-out><![CDATA[2026-05-23 22:02:47.589 [http-nio-auto-1-exec-5] DEBUG [6a124e37c4a92e0fe08ea8e22ea7f62a,e08ea8e22ea7f62a] o.s.web.servlet.DispatcherServlet - POST "/api/v1/compare/products", parameters={}
2026-05-23 22:02:47.590 [http-nio-auto-1-exec-5] DEBUG [6a124e37c4a92e0fe08ea8e22ea7f62a,e08ea8e22ea7f62a] o.s.w.s.m.m.a.RequestMappingHandlerMapping - Mapped to com.compareproduct.meli.infrastructure.web.resource.CompareController#compareProducts(CompareRequest)
2026-05-23 22:02:47.591 [http-nio-auto-1-exec-5] INFO  [6a124e37c4a92e0fe08ea8e22ea7f62a,e08ea8e22ea7f62a] c.c.m.i.config.LoggingInterceptor - REQUEST_RECEIVED method=POST uri=/api/v1/compare/products requestId=fb6d2c6a userAgent=Apache-HttpClient/4.5.13 (Java/21.0.11)
2026-05-23 22:02:47.592 [http-nio-auto-1-exec-5] DEBUG [6a124e37c4a92e0fe08ea8e22ea7f62a,e08ea8e22ea7f62a] o.s.w.s.m.m.a.RequestResponseBodyMethodProcessor - Read "application/json;charset=UTF-8" to [class CompareRequest {<EOL>    productIds: []<EOL>}]
2026-05-23 22:02:47.594 [http-nio-auto-1-exec-5] DEBUG [6a124e37c4a92e0fe08ea8e22ea7f62a,e08ea8e22ea7f62a] o.s.w.s.m.m.a.ExceptionHandlerExceptionResolver - Using @ExceptionHandler com.compareproduct.meli.infrastructure.web.exception.GlobalExceptionHandler#handleMethodArgumentNotValidException(MethodArgumentNotValidException, WebRequest)
2026-05-23 22:02:47.594 [http-nio-auto-1-exec-5] ERROR [6a124e37c4a92e0fe08ea8e22ea7f62a,e08ea8e22ea7f62a] c.c.m.i.w.e.GlobalExceptionHandler - EXCEPTION_VALIDATION_ERROR path=uri=/api/v1/compare/products error=Validation failed for argument [0] in public org.springframework.http.ResponseEntity<com.compareproduct.meli.api.model.CompareResponse> com.compareproduct.meli.infrastructure.web.resource.CompareController.compareProducts(com.compareproduct.meli.api.model.CompareRequest): [Field error in object 'compareRequest' on field 'productIds': rejected value [[]]; codes [Size.compareRequest.productIds,Size.productIds,Size.java.util.List,Size]; arguments [org.springframework.context.support.DefaultMessageSourceResolvable: codes [compareRequest.productIds,productIds]; arguments []; default message [productIds],10,2]; default message [tamanho deve ser entre 2 e 10]] 
2026-05-23 22:02:47.595 [http-nio-auto-1-exec-5] DEBUG [6a124e37c4a92e0fe08ea8e22ea7f62a,e08ea8e22ea7f62a] o.s.w.s.m.m.a.HttpEntityMethodProcessor - Using 'application/json', given [*/*] and supported [application/json, application/*+json, application/yaml]
2026-05-23 22:02:47.596 [http-nio-auto-1-exec-5] DEBUG [6a124e37c4a92e0fe08ea8e22ea7f62a,e08ea8e22ea7f62a] o.s.w.s.m.m.a.HttpEntityMethodProcessor - Writing [{message=Validation failed, status=400}]
2026-05-23 22:02:47.598 [http-nio-auto-1-exec-5] DEBUG [6a124e37c4a92e0fe08ea8e22ea7f62a,e08ea8e22ea7f62a] o.s.w.s.m.m.a.ExceptionHandlerExceptionResolver - Resolved [org.springframework.web.bind.MethodArgumentNotValidException: Validation failed for argument [0] in public org.springframework.http.ResponseEntity<com.compareproduct.meli.api.model.CompareResponse> com.compareproduct.meli.infrastructure.web.resource.CompareController.compareProducts(com.compareproduct.meli.api.model.CompareRequest): [Field error in object 'compareRequest' on field 'productIds': rejected value [[]]; codes [Size.compareRequest.productIds,Size.productIds,Size.java.util.List,Size]; arguments [org.springframework.context.support.DefaultMessageSourceResolvable: codes [compareRequest.productIds,productIds]; arguments []; default message [productIds],10,2]; default message [tamanho deve ser entre 2 e 10]] ]
2026-05-23 22:02:47.599 [http-nio-auto-1-exec-5] WARN  [6a124e37c4a92e0fe08ea8e22ea7f62a,e08ea8e22ea7f62a] c.c.m.i.config.LoggingInterceptor - REQUEST_ERROR method=POST uri=/api/v1/compare/products requestId=fb6d2c6a status=400 duration=8ms
2026-05-23 22:02:47.599 [http-nio-auto-1-exec-5] DEBUG [,] o.s.web.servlet.DispatcherServlet - Completed 400 BAD_REQUEST
]]></system-out>
  </testcase>
  <testcase name="shouldReturnHealthyStatus" classname="com.compareproduct.meli.e2e.ProductComparisonApiE2ETest" time="0.282">
    <system-out><![CDATA[2026-05-23 22:02:47.857 [http-nio-auto-1-exec-6] DEBUG [6a124e371f9cfd24bd7c343f0e490de7,bd7c343f0e490de7] o.s.web.servlet.DispatcherServlet - GET "/actuator/health", parameters={}
2026-05-23 22:02:47.866 [http-nio-auto-1-exec-6] DEBUG [6a124e371f9cfd24bd7c343f0e490de7,bd7c343f0e490de7] o.s.w.s.m.m.a.RequestResponseBodyMethodProcessor - Read "application/octet-stream" to []
2026-05-23 22:02:47.923 [http-nio-auto-1-exec-6] DEBUG [6a124e371f9cfd24bd7c343f0e490de7,bd7c343f0e490de7] o.s.w.s.m.m.a.HttpEntityMethodProcessor - Using 'application/vnd.spring-boot.actuator.v3+json', given [*/*] and supported [application/vnd.spring-boot.actuator.v3+json, application/vnd.spring-boot.actuator.v2+json, application/json]
2026-05-23 22:02:47.941 [http-nio-auto-1-exec-6] DEBUG [6a124e371f9cfd24bd7c343f0e490de7,bd7c343f0e490de7] o.s.w.s.m.m.a.HttpEntityMethodProcessor - Writing [org.springframework.boot.actuate.health.SystemHealth@2a6bcbb7]
2026-05-23 22:02:47.953 [http-nio-auto-1-exec-6] DEBUG [6a124e371f9cfd24bd7c343f0e490de7,bd7c343f0e490de7] o.s.web.servlet.DispatcherServlet - Completed 200 OK
]]></system-out>
  </testcase>
  <testcase name="shouldReturnMetricsForMonitoring" classname="com.compareproduct.meli.e2e.ProductComparisonApiE2ETest" time="0.098">
    <system-out><![CDATA[2026-05-23 22:02:48.124 [http-nio-auto-1-exec-8] DEBUG [6a124e3885753f14b829beded6e63cee,b829beded6e63cee] o.s.web.servlet.DispatcherServlet - GET "/actuator/metrics", parameters={}
2026-05-23 22:02:48.126 [http-nio-auto-1-exec-8] DEBUG [6a124e3885753f14b829beded6e63cee,b829beded6e63cee] o.s.w.s.m.m.a.RequestResponseBodyMethodProcessor - Read "application/octet-stream" to []
2026-05-23 22:02:48.128 [http-nio-auto-1-exec-8] DEBUG [6a124e3885753f14b829beded6e63cee,b829beded6e63cee] o.s.w.s.m.m.a.RequestResponseBodyMethodProcessor - Using 'application/vnd.spring-boot.actuator.v3+json', given [*/*] and supported [application/vnd.spring-boot.actuator.v3+json, application/vnd.spring-boot.actuator.v2+json, application/json]
2026-05-23 22:02:48.130 [http-nio-auto-1-exec-8] DEBUG [6a124e3885753f14b829beded6e63cee,b829beded6e63cee] o.s.w.s.m.m.a.RequestResponseBodyMethodProcessor - Writing [org.springframework.boot.actuate.metrics.MetricsEndpoint$MetricNamesDescriptor@5f667fc0]
2026-05-23 22:02:48.132 [http-nio-auto-1-exec-8] DEBUG [6a124e3885753f14b829beded6e63cee,b829beded6e63cee] o.s.web.servlet.DispatcherServlet - Completed 200 OK
]]></system-out>
  </testcase>
  <testcase name="shouldCompareThreeProductsSuccessfully" classname="com.compareproduct.meli.e2e.ProductComparisonApiE2ETest" time="0.22">
    <system-out><![CDATA[2026-05-23 22:02:48.256 [http-nio-auto-1-exec-9] DEBUG [6a124e38a2d3c729fb7a7e176bd689ae,fb7a7e176bd689ae] o.s.web.servlet.DispatcherServlet - POST "/api/v1/products", parameters={}
2026-05-23 22:02:48.258 [http-nio-auto-1-exec-9] DEBUG [6a124e38a2d3c729fb7a7e176bd689ae,fb7a7e176bd689ae] o.s.w.s.m.m.a.RequestMappingHandlerMapping - Mapped to com.compareproduct.meli.infrastructure.web.resource.ProductController#createProduct(ProductRequest)
2026-05-23 22:02:48.258 [http-nio-auto-1-exec-9] INFO  [6a124e38a2d3c729fb7a7e176bd689ae,fb7a7e176bd689ae] c.c.m.i.config.LoggingInterceptor - REQUEST_RECEIVED method=POST uri=/api/v1/products requestId=fcc12b23 userAgent=Apache-HttpClient/4.5.13 (Java/21.0.11)
2026-05-23 22:02:48.259 [http-nio-auto-1-exec-9] DEBUG [6a124e38a2d3c729fb7a7e176bd689ae,fb7a7e176bd689ae] o.s.w.s.m.m.a.RequestResponseBodyMethodProcessor - Read "application/json;charset=UTF-8" to [class ProductRequest {<EOL>    id: null<EOL>    name: Third E2E Product<EOL>    description: Third E2E Descripti (truncated)...]
2026-05-23 22:02:48.260 [http-nio-auto-1-exec-9] INFO  [6a124e38a2d3c729fb7a7e176bd689ae,fb7a7e176bd689ae] c.c.m.c.usecase.ProductDomainService - PRODUCT_CREATE_STARTED productId=null productName=Third E2E Product
2026-05-23 22:02:48.262 [http-nio-auto-1-exec-9] DEBUG [6a124e38a2d3c729fb7a7e176bd689ae,fb7a7e176bd689ae] org.hibernate.SQL - &amp#27;[34minsert&amp#27;[0m &amp#27;[34minto&amp#27;[0m product (description,name,price,rating,specification,url,id) &amp#27;[34mvalues&amp#27;[0m (?,?,?,?,?,?,&amp#27;[34mdefault&amp#27;[0m)
2026-05-23 22:02:48.264 [http-nio-auto-1-exec-9] INFO  [6a124e38a2d3c729fb7a7e176bd689ae,fb7a7e176bd689ae] c.c.m.c.usecase.ProductDomainService - PRODUCT_CREATE_SUCCESS productId=29 productName=Third E2E Product
2026-05-23 22:02:48.265 [http-nio-auto-1-exec-9] DEBUG [6a124e38a2d3c729fb7a7e176bd689ae,fb7a7e176bd689ae] o.s.w.s.m.m.a.HttpEntityMethodProcessor - Using 'application/json', given [*/*] and supported [application/json, application/*+json, application/yaml]
2026-05-23 22:02:48.265 [http-nio-auto-1-exec-9] DEBUG [6a124e38a2d3c729fb7a7e176bd689ae,fb7a7e176bd689ae] o.s.w.s.m.m.a.HttpEntityMethodProcessor - Nothing to write: null body
2026-05-23 22:02:48.265 [http-nio-auto-1-exec-9] INFO  [6a124e38a2d3c729fb7a7e176bd689ae,fb7a7e176bd689ae] c.c.m.i.config.LoggingInterceptor - REQUEST_COMPLETED method=POST uri=/api/v1/products requestId=fcc12b23 status=201 duration=7ms
2026-05-23 22:02:48.266 [http-nio-auto-1-exec-9] DEBUG [,] o.s.web.servlet.DispatcherServlet - Completed 201 CREATED
2026-05-23 22:02:48.319 [http-nio-auto-1-exec-10] DEBUG [6a124e382767488375831516f09c51fa,75831516f09c51fa] o.s.web.servlet.DispatcherServlet - POST "/api/v1/compare/products", parameters={}
2026-05-23 22:02:48.319 [http-nio-auto-1-exec-10] DEBUG [6a124e382767488375831516f09c51fa,75831516f09c51fa] o.s.w.s.m.m.a.RequestMappingHandlerMapping - Mapped to com.compareproduct.meli.infrastructure.web.resource.CompareController#compareProducts(CompareRequest)
2026-05-23 22:02:48.320 [http-nio-auto-1-exec-10] INFO  [6a124e382767488375831516f09c51fa,75831516f09c51fa] c.c.m.i.config.LoggingInterceptor - REQUEST_RECEIVED method=POST uri=/api/v1/compare/products requestId=bd0a20d8 userAgent=Apache-HttpClient/4.5.13 (Java/21.0.11)
2026-05-23 22:02:48.332 [http-nio-auto-1-exec-10] DEBUG [6a124e382767488375831516f09c51fa,75831516f09c51fa] o.s.w.s.m.m.a.RequestResponseBodyMethodProcessor - Read "application/json;charset=UTF-8" to [class CompareRequest {<EOL>    productIds: [1, 2, 3]<EOL>}]
2026-05-23 22:02:48.336 [http-nio-auto-1-exec-10] INFO  [6a124e382767488375831516f09c51fa,75831516f09c51fa] c.c.m.c.u.ComparisonDomainService - COMPARISON_STARTED productCount=3 productIds=[1, 2, 3]
2026-05-23 22:02:48.336 [http-nio-auto-1-exec-10] DEBUG [6a124e382767488375831516f09c51fa,75831516f09c51fa] c.c.m.c.usecase.ProductDomainService - PRODUCT_GET_BY_IDS_STARTED ids=[1, 2, 3]
2026-05-23 22:02:48.341 [http-nio-auto-1-exec-10] DEBUG [6a124e382767488375831516f09c51fa,75831516f09c51fa] org.hibernate.SQL - &amp#27;[34mselect&amp#27;[0m pe1_0.id,pe1_0.description,pe1_0.name,pe1_0.price,pe1_0.rating,pe1_0.specification,pe1_0.url &amp#27;[34mfrom&amp#27;[0m product pe1_0 &amp#27;[34mwhere&amp#27;[0m pe1_0.id &amp#27;[34min&amp#27;[0m (?,?,?)
2026-05-23 22:02:48.347 [http-nio-auto-1-exec-10] INFO  [6a124e382767488375831516f09c51fa,75831516f09c51fa] c.c.m.c.usecase.ProductDomainService - PRODUCT_GET_BY_IDS_SUCCESS requestedCount=3 foundCount=3
2026-05-23 22:02:48.348 [http-nio-auto-1-exec-10] INFO  [6a124e382767488375831516f09c51fa,75831516f09c51fa] c.c.m.c.u.ComparisonDomainService - COMPARISON_SUCCESS productCount=3 duration=12ms productsFound=3
2026-05-23 22:02:48.349 [http-nio-auto-1-exec-10] DEBUG [6a124e382767488375831516f09c51fa,75831516f09c51fa] o.s.w.s.m.m.a.HttpEntityMethodProcessor - Using 'application/json', given [*/*] and supported [application/json, application/*+json, application/yaml]
2026-05-23 22:02:48.350 [http-nio-auto-1-exec-10] DEBUG [6a124e382767488375831516f09c51fa,75831516f09c51fa] o.s.w.s.m.m.a.HttpEntityMethodProcessor - Writing [class CompareResponse {<EOL>    products: [class ProductSummary {<EOL>        id: 1<EOL>        name: iPhone 15  (truncated)...]
2026-05-23 22:02:48.358 [http-nio-auto-1-exec-10] INFO  [6a124e382767488375831516f09c51fa,75831516f09c51fa] c.c.m.i.config.LoggingInterceptor - REQUEST_COMPLETED method=POST uri=/api/v1/compare/products requestId=bd0a20d8 status=200 duration=38ms
2026-05-23 22:02:48.359 [http-nio-auto-1-exec-10] DEBUG [,] o.s.web.servlet.DispatcherServlet - Completed 200 OK
]]></system-out>
  </testcase>
</testsuite>